[20-Oct-2023 23:33:59 UTC] PHP Parse error:  syntax error, unexpected token "->", expecting identifier or variable or "{" or "$" in /var/www/dog/scanner/app/Console/Kernel.php on line 18
[20-Oct-2023 23:34:01 UTC] PHP Parse error:  syntax error, unexpected token "->", expecting identifier or variable or "{" or "$" in /var/www/dog/scanner/app/Console/Kernel.php on line 18
[20-Oct-2023 23:34:01 UTC] PHP Parse error:  syntax error, unexpected token "->", expecting identifier or variable or "{" or "$" in /var/www/dog/scanner/app/Console/Kernel.php on line 18
[20-Oct-2023 23:34:04 UTC] PHP Parse error:  syntax error, unexpected token "->", expecting identifier or variable or "{" or "$" in /var/www/dog/scanner/app/Console/Kernel.php on line 18
[21-Oct-2023 15:10:13 UTC] PHP Fatal error:  Uncaught ReflectionException: Class "App\Console\Kernel" does not exist in /var/www/dog/scanner/vendor/laravel/framework/src/Illuminate/Container/Container.php:877
Stack trace:
#0 /var/www/dog/scanner/vendor/laravel/framework/src/Illuminate/Container/Container.php(877): ReflectionClass->__construct('App\\Console\\Ker...')
#1 /var/www/dog/scanner/vendor/laravel/framework/src/Illuminate/Container/Container.php(758): Illuminate\Container\Container->build('App\\Console\\Ker...')
#2 /var/www/dog/scanner/vendor/laravel/framework/src/Illuminate/Foundation/Application.php(851): Illuminate\Container\Container->resolve('App\\Console\\Ker...', Array, false)
#3 /var/www/dog/scanner/vendor/laravel/framework/src/Illuminate/Container/Container.php(296): Illuminate\Foundation\Application->resolve('App\\Console\\Ker...', Array, false)
#4 /var/www/dog/scanner/vendor/laravel/framework/src/Illuminate/Container/Container.php(873): Illuminate\Container\Container->Illuminate\Container\{closure}(Object(Illuminate\Foundation\Application), Array)
#5 /var/www/dog/scanner/vendor/laravel/framework/src/Illuminate/Container/Container.php(758): Illuminate\Container\Container->build(Object(Closure))
#6 /var/www/dog/scanner/vendor/laravel/framework/src/Illuminate/Foundation/Application.php(851): Illuminate\Container\Container->resolve('Illuminate\\Cont...', Array, true)
#7 /var/www/dog/scanner/vendor/laravel/framework/src/Illuminate/Container/Container.php(694): Illuminate\Foundation\Application->resolve('Illuminate\\Cont...', Array)
#8 /var/www/dog/scanner/vendor/laravel/framework/src/Illuminate/Foundation/Application.php(836): Illuminate\Container\Container->make('Illuminate\\Cont...', Array)
#9 /var/www/dog/scanner/artisan(33): Illuminate\Foundation\Application->make('Illuminate\\Cont...')
#10 {main}

Next Illuminate\Contracts\Container\BindingResolutionException: Target class [App\Console\Kernel] does not exist. in /var/www/dog/scanner/vendor/laravel/framework/src/Illuminate/Container/Container.php:879
Stack trace:
#0 /var/www/dog/scanner/vendor/laravel/framework/src/Illuminate/Container/Container.php(758): Illuminate\Container\Container->build('App\\Console\\Ker...')
#1 /var/www/dog/scanner/vendor/laravel/framework/src/Illuminate/Foundation/Application.php(851): Illuminate\Container\Container->resolve('App\\Console\\Ker...', Array, false)
#2 /var/www/dog/scanner/vendor/laravel/framework/src/Illuminate/Container/Container.php(296): Illuminate\Foundation\Application->resolve('App\\Console\\Ker...', Array, false)
#3 /var/www/dog/scanner/vendor/laravel/framework/src/Illuminate/Container/Container.php(873): Illuminate\Container\Container->Illuminate\Container\{closure}(Object(Illuminate\Foundation\Application), Array)
#4 /var/www/dog/scanner/vendor/laravel/framework/src/Illuminate/Container/Container.php(758): Illuminate\Container\Container->build(Object(Closure))
#5 /var/www/dog/scanner/vendor/laravel/framework/src/Illuminate/Foundation/Application.php(851): Illuminate\Container\Container->resolve('Illuminate\\Cont...', Array, true)
#6 /var/www/dog/scanner/vendor/laravel/framework/src/Illuminate/Container/Container.php(694): Illuminate\Foundation\Application->resolve('Illuminate\\Cont...', Array)
#7 /var/www/dog/scanner/vendor/laravel/framework/src/Illuminate/Foundation/Application.php(836): Illuminate\Container\Container->make('Illuminate\\Cont...', Array)
#8 /var/www/dog/scanner/artisan(33): Illuminate\Foundation\Application->make('Illuminate\\Cont...')
#9 {main}
  thrown in /var/www/dog/scanner/vendor/laravel/framework/src/Illuminate/Container/Container.php on line 879
[21-Oct-2023 15:19:01 UTC] PHP Fatal error:  Uncaught ReflectionException: Class "App\Console\Kernel" does not exist in /var/www/dog/scanner/vendor/laravel/framework/src/Illuminate/Container/Container.php:877
Stack trace:
#0 /var/www/dog/scanner/vendor/laravel/framework/src/Illuminate/Container/Container.php(877): ReflectionClass->__construct('App\\Console\\Ker...')
#1 /var/www/dog/scanner/vendor/laravel/framework/src/Illuminate/Container/Container.php(758): Illuminate\Container\Container->build('App\\Console\\Ker...')
#2 /var/www/dog/scanner/vendor/laravel/framework/src/Illuminate/Foundation/Application.php(851): Illuminate\Container\Container->resolve('App\\Console\\Ker...', Array, false)
#3 /var/www/dog/scanner/vendor/laravel/framework/src/Illuminate/Container/Container.php(296): Illuminate\Foundation\Application->resolve('App\\Console\\Ker...', Array, false)
#4 /var/www/dog/scanner/vendor/laravel/framework/src/Illuminate/Container/Container.php(873): Illuminate\Container\Container->Illuminate\Container\{closure}(Object(Illuminate\Foundation\Application), Array)
#5 /var/www/dog/scanner/vendor/laravel/framework/src/Illuminate/Container/Container.php(758): Illuminate\Container\Container->build(Object(Closure))
#6 /var/www/dog/scanner/vendor/laravel/framework/src/Illuminate/Foundation/Application.php(851): Illuminate\Container\Container->resolve('Illuminate\\Cont...', Array, true)
#7 /var/www/dog/scanner/vendor/laravel/framework/src/Illuminate/Container/Container.php(694): Illuminate\Foundation\Application->resolve('Illuminate\\Cont...', Array)
#8 /var/www/dog/scanner/vendor/laravel/framework/src/Illuminate/Foundation/Application.php(836): Illuminate\Container\Container->make('Illuminate\\Cont...', Array)
#9 /var/www/dog/scanner/artisan(33): Illuminate\Foundation\Application->make('Illuminate\\Cont...')
#10 {main}

Next Illuminate\Contracts\Container\BindingResolutionException: Target class [App\Console\Kernel] does not exist. in /var/www/dog/scanner/vendor/laravel/framework/src/Illuminate/Container/Container.php:879
Stack trace:
#0 /var/www/dog/scanner/vendor/laravel/framework/src/Illuminate/Container/Container.php(758): Illuminate\Container\Container->build('App\\Console\\Ker...')
#1 /var/www/dog/scanner/vendor/laravel/framework/src/Illuminate/Foundation/Application.php(851): Illuminate\Container\Container->resolve('App\\Console\\Ker...', Array, false)
#2 /var/www/dog/scanner/vendor/laravel/framework/src/Illuminate/Container/Container.php(296): Illuminate\Foundation\Application->resolve('App\\Console\\Ker...', Array, false)
#3 /var/www/dog/scanner/vendor/laravel/framework/src/Illuminate/Container/Container.php(873): Illuminate\Container\Container->Illuminate\Container\{closure}(Object(Illuminate\Foundation\Application), Array)
#4 /var/www/dog/scanner/vendor/laravel/framework/src/Illuminate/Container/Container.php(758): Illuminate\Container\Container->build(Object(Closure))
#5 /var/www/dog/scanner/vendor/laravel/framework/src/Illuminate/Foundation/Application.php(851): Illuminate\Container\Container->resolve('Illuminate\\Cont...', Array, true)
#6 /var/www/dog/scanner/vendor/laravel/framework/src/Illuminate/Container/Container.php(694): Illuminate\Foundation\Application->resolve('Illuminate\\Cont...', Array)
#7 /var/www/dog/scanner/vendor/laravel/framework/src/Illuminate/Foundation/Application.php(836): Illuminate\Container\Container->make('Illuminate\\Cont...', Array)
#8 /var/www/dog/scanner/artisan(33): Illuminate\Foundation\Application->make('Illuminate\\Cont...')
#9 {main}
  thrown in /var/www/dog/scanner/vendor/laravel/framework/src/Illuminate/Container/Container.php on line 879
[21-Oct-2023 15:55:02 UTC] PHP Fatal error:  Uncaught ReflectionException: Class "App\Console\Kernel" does not exist in /var/www/dog/scanner/vendor/laravel/framework/src/Illuminate/Container/Container.php:877
Stack trace:
#0 /var/www/dog/scanner/vendor/laravel/framework/src/Illuminate/Container/Container.php(877): ReflectionClass->__construct('App\\Console\\Ker...')
#1 /var/www/dog/scanner/vendor/laravel/framework/src/Illuminate/Container/Container.php(758): Illuminate\Container\Container->build('App\\Console\\Ker...')
#2 /var/www/dog/scanner/vendor/laravel/framework/src/Illuminate/Foundation/Application.php(851): Illuminate\Container\Container->resolve('App\\Console\\Ker...', Array, false)
#3 /var/www/dog/scanner/vendor/laravel/framework/src/Illuminate/Container/Container.php(296): Illuminate\Foundation\Application->resolve('App\\Console\\Ker...', Array, false)
#4 /var/www/dog/scanner/vendor/laravel/framework/src/Illuminate/Container/Container.php(873): Illuminate\Container\Container->Illuminate\Container\{closure}(Object(Illuminate\Foundation\Application), Array)
#5 /var/www/dog/scanner/vendor/laravel/framework/src/Illuminate/Container/Container.php(758): Illuminate\Container\Container->build(Object(Closure))
#6 /var/www/dog/scanner/vendor/laravel/framework/src/Illuminate/Foundation/Application.php(851): Illuminate\Container\Container->resolve('Illuminate\\Cont...', Array, true)
#7 /var/www/dog/scanner/vendor/laravel/framework/src/Illuminate/Container/Container.php(694): Illuminate\Foundation\Application->resolve('Illuminate\\Cont...', Array)
#8 /var/www/dog/scanner/vendor/laravel/framework/src/Illuminate/Foundation/Application.php(836): Illuminate\Container\Container->make('Illuminate\\Cont...', Array)
#9 /var/www/dog/scanner/artisan(33): Illuminate\Foundation\Application->make('Illuminate\\Cont...')
#10 {main}

Next Illuminate\Contracts\Container\BindingResolutionException: Target class [App\Console\Kernel] does not exist. in /var/www/dog/scanner/vendor/laravel/framework/src/Illuminate/Container/Container.php:879
Stack trace:
#0 /var/www/dog/scanner/vendor/laravel/framework/src/Illuminate/Container/Container.php(758): Illuminate\Container\Container->build('App\\Console\\Ker...')
#1 /var/www/dog/scanner/vendor/laravel/framework/src/Illuminate/Foundation/Application.php(851): Illuminate\Container\Container->resolve('App\\Console\\Ker...', Array, false)
#2 /var/www/dog/scanner/vendor/laravel/framework/src/Illuminate/Container/Container.php(296): Illuminate\Foundation\Application->resolve('App\\Console\\Ker...', Array, false)
#3 /var/www/dog/scanner/vendor/laravel/framework/src/Illuminate/Container/Container.php(873): Illuminate\Container\Container->Illuminate\Container\{closure}(Object(Illuminate\Foundation\Application), Array)
#4 /var/www/dog/scanner/vendor/laravel/framework/src/Illuminate/Container/Container.php(758): Illuminate\Container\Container->build(Object(Closure))
#5 /var/www/dog/scanner/vendor/laravel/framework/src/Illuminate/Foundation/Application.php(851): Illuminate\Container\Container->resolve('Illuminate\\Cont...', Array, true)
#6 /var/www/dog/scanner/vendor/laravel/framework/src/Illuminate/Container/Container.php(694): Illuminate\Foundation\Application->resolve('Illuminate\\Cont...', Array)
#7 /var/www/dog/scanner/vendor/laravel/framework/src/Illuminate/Foundation/Application.php(836): Illuminate\Container\Container->make('Illuminate\\Cont...', Array)
#8 /var/www/dog/scanner/artisan(33): Illuminate\Foundation\Application->make('Illuminate\\Cont...')
#9 {main}
  thrown in /var/www/dog/scanner/vendor/laravel/framework/src/Illuminate/Container/Container.php on line 879
[22-Oct-2023 17:22:03 UTC] PHP Fatal error:  Out of memory (allocated 6291456) (tried to allocate 65536 bytes) in /var/www/dog/scanner/vendor/composer/ClassLoader.php on line 576
[22-Oct-2023 17:22:03 UTC] PHP Fatal error:  Out of memory (allocated 6291456) (tried to allocate 20480 bytes) in /var/www/dog/scanner/vendor/nunomaduro/collision/src/Highlighter.php on line 226
[22-Oct-2023 17:49:36 UTC] PHP Fatal error:  Out of memory (allocated 2097152) (tried to allocate 4096 bytes) in /var/www/dog/scanner/vendor/composer/autoload_static.php on line 2430
